13:00:30 [INFO] Server thread started...
13:00:31 [INFO] Consumer thread started...
13:00:31 [INFO] Producer thread started...
13:00:31 [INFO] Consumer requesting data...
13:00:32 [INFO] Producer generated & validated: student1.xml
13:00:32 [INFO] Producer trying to add student1.xml...
13:00:32 [INFO] Buffer Update: Added ID 1. Size: 1/10
13:00:32 [INFO] Buffer Update: Removed ID 1. Size: 0/10
13:00:32 [INFO] Received ID from buffer: 1
13:00:32 [INFO] Server says: ACK 1 added to buffer.
13:00:32 [INFO] Consumer processed & deleted: student1.xml
13:00:33 [INFO] Producer generated & validated: student2.xml
13:00:33 [INFO] Producer trying to add student2.xml...
13:00:33 [INFO] Buffer Update: Added ID 2. Size: 1/10
13:00:33 [INFO] Server says: ACK 2 added to buffer.
13:00:33 [INFO] Consumer requesting data...
13:00:33 [INFO] Buffer Update: Removed ID 2. Size: 0/10
13:00:33 [INFO] Received ID from buffer: 2
13:00:33 [INFO] Consumer processed & deleted: student2.xml
13:00:34 [INFO] Producer generated & validated: student3.xml
13:00:34 [INFO] Producer trying to add student3.xml...
13:00:34 [INFO] Buffer Update: Added ID 3. Size: 1/10
13:00:34 [INFO] Server says: ACK 3 added to buffer.
13:00:35 [INFO] Consumer requesting data...
13:00:35 [INFO] Buffer Update: Removed ID 3. Size: 0/10
13:00:35 [INFO] Received ID from buffer: 3
13:00:35 [INFO] Consumer processed & deleted: student3.xml
13:00:35 [INFO] Producer generated & validated: student4.xml
13:00:35 [INFO] Producer trying to add student4.xml...
13:00:35 [INFO] Buffer Update: Added ID 4. Size: 1/10
13:00:35 [INFO] Server says: ACK 4 added to buffer.
13:00:36 [INFO] Producer generated & validated: student5.xml
13:00:36 [INFO] Producer trying to add student5.xml...
13:00:36 [INFO] Buffer Update: Added ID 5. Size: 2/10
13:00:36 [INFO] Server says: ACK 5 added to buffer.
13:00:36 [INFO] Consumer requesting data...
13:00:36 [INFO] Buffer Update: Removed ID 4. Size: 1/10
13:00:36 [INFO] Received ID from buffer: 4
13:00:36 [INFO] Consumer processed & deleted: student4.xml
13:00:37 [INFO] Producer generated & validated: student6.xml
13:00:37 [INFO] Producer trying to add student6.xml...
13:00:37 [INFO] Buffer Update: Added ID 6. Size: 2/10
13:00:37 [INFO] Server says: ACK 6 added to buffer.
13:00:38 [INFO] Consumer requesting data...
13:00:38 [INFO] Buffer Update: Removed ID 5. Size: 1/10
13:00:38 [INFO] Received ID from buffer: 5
13:00:38 [INFO] Consumer processed & deleted: student5.xml
13:00:38 [INFO] Producer generated & validated: student7.xml
13:00:38 [INFO] Producer trying to add student7.xml...
13:00:38 [INFO] Buffer Update: Added ID 7. Size: 2/10
13:00:38 [INFO] Server says: ACK 7 added to buffer.
13:00:39 [INFO] Producer generated & validated: student8.xml
13:00:39 [INFO] Producer trying to add student8.xml...
13:00:39 [INFO] Buffer Update: Added ID 8. Size: 3/10
13:00:39 [INFO] Server says: ACK 8 added to buffer.
13:00:39 [INFO] Consumer requesting data...
13:00:39 [INFO] Buffer Update: Removed ID 6. Size: 2/10
13:00:39 [INFO] Received ID from buffer: 6
13:00:39 [INFO] Consumer processed & deleted: student6.xml
13:00:40 [INFO] Producer generated & validated: student9.xml
13:00:40 [INFO] Producer trying to add student9.xml...
13:00:40 [INFO] Buffer Update: Added ID 9. Size: 3/10
13:00:40 [INFO] Server says: ACK 9 added to buffer.
13:00:41 [INFO] Consumer requesting data...
13:00:41 [INFO] Buffer Update: Removed ID 7. Size: 2/10
13:00:41 [INFO] Received ID from buffer: 7
13:00:41 [INFO] Consumer processed & deleted: student7.xml
13:00:41 [INFO] Producer generated & validated: student10.xml
13:00:41 [INFO] Producer trying to add student10.xml...
13:00:41 [INFO] Buffer Update: Added ID 10. Size: 3/10
13:00:41 [INFO] Server says: ACK 10 added to buffer.
13:00:42 [INFO] Consumer requesting data...
13:00:42 [INFO] Buffer Update: Removed ID 8. Size: 2/10
13:00:42 [INFO] Received ID from buffer: 8
13:00:42 [INFO] Consumer processed & deleted: student8.xml
13:00:44 [INFO] Consumer requesting data...
13:00:44 [INFO] Buffer Update: Removed ID 9. Size: 1/10
13:00:44 [INFO] Received ID from buffer: 9
13:00:44 [INFO] Consumer processed & deleted: student9.xml
13:00:45 [INFO] Consumer requesting data...
13:00:45 [INFO] Buffer Update: Removed ID 10. Size: 0/10
13:00:45 [INFO] Received ID from buffer: 10
13:00:45 [INFO] Consumer processed & deleted: student10.xml
13:00:47 [INFO] All tasks completed successfully.
13:02:56 [INFO] Server thread started...
13:02:56 [DEBUG] The server has already been started
13:02:57 [INFO] Consumer thread started...
13:02:57 [INFO] Producer thread started...
13:02:57 [INFO] Consumer requesting data...
13:02:57 [INFO] Producer generated & validated: student1.xml
13:02:57 [INFO] Producer trying to add student1.xml...
13:02:57 [INFO] Buffer Update: Added ID 1. Size: 1/10
13:02:57 [INFO] Buffer Update: Removed ID 1. Size: 0/10
13:02:57 [INFO] Received ID from buffer: 1
13:02:57 [INFO] Consumer processed & deleted: student1.xml
13:02:58 [INFO] Producer generated & validated: student2.xml
13:02:58 [INFO] Producer trying to add student2.xml...
13:02:58 [INFO] Buffer Update: Added ID 2. Size: 1/10
13:02:58 [INFO] Server says: ACK 2 added to buffer.
13:02:59 [INFO] Consumer requesting data...
13:02:59 [INFO] Buffer Update: Removed ID 2. Size: 0/10
13:02:59 [INFO] Received ID from buffer: 2
13:02:59 [INFO] Consumer processed & deleted: student2.xml
13:02:59 [INFO] Producer generated & validated: student3.xml
13:02:59 [INFO] Producer trying to add student3.xml...
13:02:59 [INFO] Buffer Update: Added ID 3. Size: 1/10
13:02:59 [INFO] Server says: ACK 3 added to buffer.
13:03:00 [INFO] Consumer requesting data...
13:03:00 [INFO] Buffer Update: Removed ID 3. Size: 0/10
13:03:00 [INFO] Received ID from buffer: 3
13:03:00 [INFO] Consumer processed & deleted: student3.xml
13:03:01 [INFO] Producer generated & validated: student4.xml
13:03:01 [INFO] Producer trying to add student4.xml...
13:03:01 [INFO] Buffer Update: Added ID 4. Size: 1/10
13:03:01 [INFO] Server says: ACK 4 added to buffer.
13:03:02 [INFO] Producer generated & validated: student5.xml
13:03:02 [INFO] Producer trying to add student5.xml...
13:03:02 [INFO] Buffer Update: Added ID 5. Size: 2/10
13:03:02 [INFO] Server says: ACK 5 added to buffer.
13:03:02 [INFO] Consumer requesting data...
13:03:02 [INFO] Buffer Update: Removed ID 4. Size: 1/10
13:03:02 [INFO] Received ID from buffer: 4
13:03:02 [INFO] Consumer processed & deleted: student4.xml
13:03:03 [INFO] Producer generated & validated: student6.xml
13:03:03 [INFO] Producer trying to add student6.xml...
13:03:03 [INFO] Buffer Update: Added ID 6. Size: 2/10
13:03:03 [INFO] Server says: ACK 6 added to buffer.
13:03:03 [INFO] Consumer requesting data...
13:03:03 [INFO] Buffer Update: Removed ID 5. Size: 1/10
13:03:03 [INFO] Received ID from buffer: 5
13:03:03 [INFO] Consumer processed & deleted: student5.xml
13:03:04 [INFO] Producer generated & validated: student7.xml
13:03:04 [INFO] Producer trying to add student7.xml...
13:03:04 [INFO] Buffer Update: Added ID 7. Size: 2/10
13:03:04 [INFO] Server says: ACK 7 added to buffer.
13:03:05 [INFO] Producer generated & validated: student8.xml
13:03:05 [INFO] Producer trying to add student8.xml...
13:03:05 [INFO] Buffer Update: Added ID 8. Size: 3/10
13:03:05 [INFO] Server says: ACK 8 added to buffer.
13:03:05 [INFO] Consumer requesting data...
13:03:05 [INFO] Buffer Update: Removed ID 6. Size: 2/10
13:03:05 [INFO] Received ID from buffer: 6
13:03:05 [INFO] Consumer processed & deleted: student6.xml
13:03:06 [INFO] Producer generated & validated: student9.xml
13:03:06 [INFO] Producer trying to add student9.xml...
13:03:06 [INFO] Buffer Update: Added ID 9. Size: 3/10
13:03:06 [INFO] Server says: ACK 9 added to buffer.
13:03:06 [INFO] Consumer requesting data...
13:03:06 [INFO] Buffer Update: Removed ID 7. Size: 2/10
13:03:06 [INFO] Received ID from buffer: 7
13:03:06 [INFO] Consumer processed & deleted: student7.xml
13:03:07 [INFO] Producer generated & validated: student10.xml
13:03:07 [INFO] Producer trying to add student10.xml...
13:03:07 [INFO] Buffer Update: Added ID 10. Size: 3/10
13:03:07 [INFO] Server says: ACK 10 added to buffer.
13:03:08 [INFO] Consumer requesting data...
13:03:08 [INFO] Buffer Update: Removed ID 8. Size: 2/10
13:03:08 [INFO] Received ID from buffer: 8
13:03:08 [INFO] Consumer processed & deleted: student8.xml
13:03:10 [INFO] Consumer requesting data...
13:03:10 [INFO] Buffer Update: Removed ID 9. Size: 1/10
13:03:10 [INFO] Received ID from buffer: 9
13:03:10 [INFO] Consumer processed & deleted: student9.xml
13:03:11 [INFO] Consumer requesting data...
13:03:11 [INFO] Buffer Update: Removed ID 10. Size: 0/10
13:03:11 [INFO] Received ID from buffer: 10
13:03:11 [INFO] Consumer processed & deleted: student10.xml
13:03:13 [INFO] All tasks completed successfully.
14:38:19 [INFO] Server (Buffer) listening on 127.0.0.1:65432
14:39:10 [INFO] Producer generated & validated: student1.xml
14:39:10 [INFO] Producer trying to add student1.xml...
14:39:10 [INFO] Buffer Update: Added ID 1. Size: 1/10
14:39:10 [INFO] Server says: ACK 1 added to buffer.
14:39:11 [INFO] Producer generated & validated: student2.xml
14:39:11 [INFO] Producer trying to add student2.xml...
14:39:11 [INFO] Buffer Update: Added ID 2. Size: 2/10
14:39:11 [INFO] Server says: ACK 2 added to buffer.
14:39:13 [INFO] Producer generated & validated: student3.xml
14:39:13 [INFO] Producer trying to add student3.xml...
14:39:13 [INFO] Buffer Update: Added ID 3. Size: 3/10
14:39:13 [INFO] Server says: ACK 3 added to buffer.
14:39:14 [INFO] Producer generated & validated: student4.xml
14:39:14 [INFO] Producer trying to add student4.xml...
14:39:14 [INFO] Buffer Update: Added ID 4. Size: 4/10
14:39:14 [INFO] Server says: ACK 4 added to buffer.
14:39:15 [INFO] Producer generated & validated: student5.xml
14:39:15 [INFO] Producer trying to add student5.xml...
14:39:15 [INFO] Buffer Update: Added ID 5. Size: 5/10
14:39:15 [INFO] Server says: ACK 5 added to buffer.
14:39:16 [INFO] Producer generated & validated: student6.xml
14:39:16 [INFO] Producer trying to add student6.xml...
14:39:16 [INFO] Buffer Update: Added ID 6. Size: 6/10
14:39:16 [INFO] Server says: ACK 6 added to buffer.
14:39:17 [INFO] Producer generated & validated: student7.xml
14:39:17 [INFO] Producer trying to add student7.xml...
14:39:17 [INFO] Buffer Update: Added ID 7. Size: 7/10
14:39:17 [INFO] Server says: ACK 7 added to buffer.
14:39:18 [INFO] Producer generated & validated: student8.xml
14:39:18 [INFO] Producer trying to add student8.xml...
14:39:18 [INFO] Buffer Update: Added ID 8. Size: 8/10
14:39:18 [INFO] Server says: ACK 8 added to buffer.
14:39:19 [INFO] Producer generated & validated: student9.xml
14:39:19 [INFO] Producer trying to add student9.xml...
14:39:19 [INFO] Buffer Update: Added ID 9. Size: 9/10
14:39:19 [INFO] Server says: ACK 9 added to buffer.
14:39:20 [INFO] Producer generated & validated: student10.xml
14:39:20 [INFO] Producer trying to add student10.xml...
14:39:20 [INFO] Buffer Update: Added ID 10. Size: 10/10
14:39:20 [INFO] Server says: ACK 10 added to buffer.
14:40:08 [INFO] Consumer requesting data...
14:40:08 [INFO] Buffer Update: Removed ID 1. Size: 9/10
14:40:08 [INFO] Received ID from buffer: 1
14:40:08 [INFO] Consumer processed & deleted: student1.xml
14:40:09 [INFO] Consumer requesting data...
14:40:09 [INFO] Buffer Update: Removed ID 2. Size: 8/10
14:40:09 [INFO] Received ID from buffer: 2
14:40:09 [INFO] Consumer processed & deleted: student2.xml
14:40:11 [INFO] Consumer requesting data...
14:40:11 [INFO] Buffer Update: Removed ID 3. Size: 7/10
14:40:11 [INFO] Received ID from buffer: 3
14:40:11 [INFO] Consumer processed & deleted: student3.xml
14:40:12 [INFO] Consumer requesting data...
14:40:12 [INFO] Buffer Update: Removed ID 4. Size: 6/10
14:40:12 [INFO] Received ID from buffer: 4
14:40:12 [INFO] Consumer processed & deleted: student4.xml
14:40:14 [INFO] Consumer requesting data...
14:40:14 [INFO] Buffer Update: Removed ID 5. Size: 5/10
14:40:14 [INFO] Received ID from buffer: 5
14:40:14 [INFO] Consumer processed & deleted: student5.xml
14:40:15 [INFO] Consumer requesting data...
14:40:15 [INFO] Buffer Update: Removed ID 6. Size: 4/10
14:40:15 [INFO] Received ID from buffer: 6
14:40:15 [INFO] Consumer processed & deleted: student6.xml
14:40:17 [INFO] Consumer requesting data...
14:40:17 [INFO] Buffer Update: Removed ID 7. Size: 3/10
14:40:17 [INFO] Received ID from buffer: 7
14:40:17 [INFO] Consumer processed & deleted: student7.xml
14:40:18 [INFO] Consumer requesting data...
14:40:18 [INFO] Buffer Update: Removed ID 8. Size: 2/10
14:40:18 [INFO] Received ID from buffer: 8
14:40:18 [INFO] Consumer processed & deleted: student8.xml
14:40:20 [INFO] Consumer requesting data...
14:40:20 [INFO] Buffer Update: Removed ID 9. Size: 1/10
14:40:20 [INFO] Received ID from buffer: 9
14:40:20 [INFO] Consumer processed & deleted: student9.xml
14:40:21 [INFO] Consumer requesting data...
14:40:21 [INFO] Buffer Update: Removed ID 10. Size: 0/10
14:40:21 [INFO] Received ID from buffer: 10
14:40:21 [INFO] Consumer processed & deleted: student10.xml
14:42:11 [INFO] Server thread started...
14:42:11 [INFO] Server (Buffer) listening on 127.0.0.1:65432
14:42:12 [INFO] Consumer thread started...
14:42:12 [INFO] Producer thread started...
14:42:12 [INFO] Consumer requesting data...
14:42:12 [INFO] Producer generated & validated: student1.xml
14:42:12 [INFO] Producer trying to add student1.xml...
14:42:12 [INFO] Buffer Update: Added ID 1. Size: 1/10
14:42:12 [INFO] Buffer Update: Removed ID 1. Size: 0/10
14:42:12 [INFO] Server says: ACK 1 added to buffer.
14:42:12 [INFO] Received ID from buffer: 1
14:42:12 [INFO] Consumer processed & deleted: student1.xml
14:42:13 [INFO] Producer generated & validated: student2.xml
14:42:13 [INFO] Producer trying to add student2.xml...
14:42:13 [INFO] Buffer Update: Added ID 2. Size: 1/10
14:42:13 [INFO] Server says: ACK 2 added to buffer.
14:42:14 [INFO] Consumer requesting data...
14:42:14 [INFO] Buffer Update: Removed ID 2. Size: 0/10
14:42:14 [INFO] Received ID from buffer: 2
14:42:14 [INFO] Consumer processed & deleted: student2.xml
14:42:14 [INFO] Producer generated & validated: student3.xml
14:42:14 [INFO] Producer trying to add student3.xml...
14:42:14 [INFO] Buffer Update: Added ID 3. Size: 1/10
14:42:14 [INFO] Server says: ACK 3 added to buffer.
14:42:15 [INFO] Consumer requesting data...
14:42:15 [INFO] Buffer Update: Removed ID 3. Size: 0/10
14:42:15 [INFO] Received ID from buffer: 3
14:42:15 [INFO] Consumer processed & deleted: student3.xml
14:42:15 [INFO] Producer generated & validated: student4.xml
14:42:15 [INFO] Producer trying to add student4.xml...
14:42:15 [INFO] Buffer Update: Added ID 4. Size: 1/10
14:42:15 [INFO] Server says: ACK 4 added to buffer.
14:42:16 [INFO] Producer generated & validated: student5.xml
14:42:16 [INFO] Producer trying to add student5.xml...
14:42:16 [INFO] Buffer Update: Added ID 5. Size: 2/10
14:42:16 [INFO] Server says: ACK 5 added to buffer.
14:42:17 [INFO] Consumer requesting data...
14:42:17 [INFO] Buffer Update: Removed ID 4. Size: 1/10
14:42:17 [INFO] Received ID from buffer: 4
14:42:17 [INFO] Consumer processed & deleted: student4.xml
14:42:17 [INFO] Producer generated & validated: student6.xml
14:42:17 [INFO] Producer trying to add student6.xml...
14:42:17 [INFO] Buffer Update: Added ID 6. Size: 2/10
14:42:17 [INFO] Server says: ACK 6 added to buffer.
14:42:18 [INFO] Consumer requesting data...
14:42:18 [INFO] Buffer Update: Removed ID 5. Size: 1/10
14:42:18 [INFO] Received ID from buffer: 5
14:42:18 [INFO] Consumer processed & deleted: student5.xml
14:42:18 [INFO] Producer generated & validated: student7.xml
14:42:18 [INFO] Producer trying to add student7.xml...
14:42:18 [INFO] Buffer Update: Added ID 7. Size: 2/10
14:42:18 [INFO] Server says: ACK 7 added to buffer.
14:42:19 [INFO] Producer generated & validated: student8.xml
14:42:19 [INFO] Producer trying to add student8.xml...
14:42:19 [INFO] Buffer Update: Added ID 8. Size: 3/10
14:42:19 [INFO] Server says: ACK 8 added to buffer.
14:42:20 [INFO] Consumer requesting data...
14:42:20 [INFO] Buffer Update: Removed ID 6. Size: 2/10
14:42:20 [INFO] Received ID from buffer: 6
14:42:20 [INFO] Consumer processed & deleted: student6.xml
14:42:20 [INFO] Producer generated & validated: student9.xml
14:42:20 [INFO] Producer trying to add student9.xml...
14:42:20 [INFO] Buffer Update: Added ID 9. Size: 3/10
14:42:20 [INFO] Server says: ACK 9 added to buffer.
14:42:21 [INFO] Consumer requesting data...
14:42:21 [INFO] Buffer Update: Removed ID 7. Size: 2/10
14:42:21 [INFO] Received ID from buffer: 7
14:42:21 [INFO] Consumer processed & deleted: student7.xml
14:42:21 [INFO] Producer generated & validated: student10.xml
14:42:21 [INFO] Producer trying to add student10.xml...
14:42:21 [INFO] Buffer Update: Added ID 10. Size: 3/10
14:42:21 [INFO] Server says: ACK 10 added to buffer.
14:42:23 [INFO] Consumer requesting data...
14:42:23 [INFO] Buffer Update: Removed ID 8. Size: 2/10
14:42:23 [INFO] Received ID from buffer: 8
14:42:23 [INFO] Consumer processed & deleted: student8.xml
14:42:24 [INFO] Consumer requesting data...
14:42:24 [INFO] Buffer Update: Removed ID 9. Size: 1/10
14:42:24 [INFO] Received ID from buffer: 9
14:42:24 [INFO] Consumer processed & deleted: student9.xml
14:42:26 [INFO] Consumer requesting data...
14:42:26 [INFO] Buffer Update: Removed ID 10. Size: 0/10
14:42:26 [INFO] Received ID from buffer: 10
14:42:26 [INFO] Consumer processed & deleted: student10.xml
14:42:27 [INFO] All tasks completed successfully.
